<?xml version="1.0" encoding="UTF-8"?>
<!-- Generated by org.testng.reporters.JUnitXMLReporter -->
<testsuite ignored="0" hostname="IMANUR-ALI" failures="0" tests="6" name="Default test" time="10.546" errors="0" timestamp="2025-11-05T21:17:58 IST">
  <testcase classname="Tests.EndToEndTestJourney" name="login" time="4.277"/>
  <testcase classname="Tests.EndToEndTestJourney" name="verifySortedItem" time="0.205"/>
  <testcase classname="Tests.EndToEndTestJourney" name="verifyItemsCountAddedToCart" time="2.36"/>
  <testcase classname="Tests.EndToEndTestJourney" name="verifyUserIsOnCartPage" time="0.026"/>
  <testcase classname="Tests.EndToEndTestJourney" name="verifyUserIsOnCheckoutPage" time="0.079"/>
  <testcase classname="Tests.EndToEndTestJourney" name="verifyFinishButton" time="0.356"/>
</testsuite> <!-- Default test -->
