<?xml version="1.0" encoding="UTF-8"?>
<!-- Generated by org.testng.reporters.JUnitXMLReporter -->
<testsuite ignored="0" hostname="IMANUR-ALI" failures="0" tests="6" name="Default test" time="9.322" errors="0" timestamp="2025-11-05T21:31:15 IST">
  <testcase classname="Tests.EndToEndTestJourney" name="login" time="3.91"/>
  <testcase classname="Tests.EndToEndTestJourney" name="verifySortedItem" time="0.256"/>
  <testcase classname="Tests.EndToEndTestJourney" name="verifyItemsCountAddedToCart" time="2.373"/>
  <testcase classname="Tests.EndToEndTestJourney" name="verifyUserIsOnCartPage" time="0.032"/>
  <testcase classname="Tests.EndToEndTestJourney" name="verifyUserIsOnCheckoutPage" time="0.067"/>
  <testcase classname="Tests.EndToEndTestJourney" name="verifyFinishButton" time="0.303"/>
</testsuite> <!-- Default test -->
