<?xml version="1.0" encoding="UTF-8"?>
<!-- Generated by org.testng.reporters.JUnitXMLReporter -->
<testsuite ignored="0" hostname="IMANUR-ALI" failures="0" tests="6" name="Test" time="8.137" errors="0" timestamp="2025-11-05T22:27:02 IST">
  <testcase classname="Tests.EndToEndTestJourney" name="login" time="3.634"/>
  <testcase classname="Tests.EndToEndTestJourney" name="verifySortedItem" time="0.211"/>
  <testcase classname="Tests.EndToEndTestJourney" name="verifyItemsCountAddedToCart" time="2.306"/>
  <testcase classname="Tests.EndToEndTestJourney" name="verifyUserIsOnCartPage" time="0.021"/>
  <testcase classname="Tests.EndToEndTestJourney" name="verifyUserIsOnCheckoutPage" time="0.064"/>
  <testcase classname="Tests.EndToEndTestJourney" name="verifyFinishButton" time="0.303"/>
</testsuite> <!-- Test -->
