<?xml version="1.0" encoding="UTF-8"?>
<testng-results ignored="0" total="6" passed="6" failed="0" skipped="0">
  <reporter-output>
  </reporter-output>
  <suite started-at="2025-11-05T22:26:54 IST" name="Suite" finished-at="2025-11-05T22:27:02 IST" duration-ms="8137">
    <groups>
    </groups>
    <test started-at="2025-11-05T22:26:54 IST" name="Test" finished-at="2025-11-05T22:27:02 IST" duration-ms="8137">
      <class name="Tests.EndToEndTestJourney">
        <test-method is-config="true" signature="setup()[pri:0, instance:Tests.EndToEndTestJourney@1f2586d6]" started-at="2025-11-05T22:26:54 IST" name="setup" finished-at="2025-11-05T22:26:55 IST" duration-ms="1418" status="PASS">
          <reporter-output>
          </reporter-output>
        </test-method> <!-- setup -->
        <test-method signature="login()[pri:1, instance:Tests.EndToEndTestJourney@1f2586d6]" started-at="2025-11-05T22:26:55 IST" name="login" finished-at="2025-11-05T22:26:59 IST" duration-ms="3634" status="PASS">
          <reporter-output>
          </reporter-output>
        </test-method> <!-- login -->
        <test-method signature="verifySortedItem()[pri:2, instance:Tests.EndToEndTestJourney@1f2586d6]" started-at="2025-11-05T22:26:59 IST" name="verifySortedItem" finished-at="2025-11-05T22:26:59 IST" duration-ms="211" status="PASS">
          <reporter-output>
          </reporter-output>
        </test-method> <!-- verifySortedItem -->
        <test-method signature="verifyItemsCountAddedToCart()[pri:3, instance:Tests.EndToEndTestJourney@1f2586d6]" started-at="2025-11-05T22:26:59 IST" name="verifyItemsCountAddedToCart" finished-at="2025-11-05T22:27:01 IST" duration-ms="2306" status="PASS">
          <reporter-output>
          </reporter-output>
        </test-method> <!-- verifyItemsCountAddedToCart -->
        <test-method signature="verifyUserIsOnCartPage()[pri:4, instance:Tests.EndToEndTestJourney@1f2586d6]" started-at="2025-11-05T22:27:01 IST" name="verifyUserIsOnCartPage" finished-at="2025-11-05T22:27:01 IST" duration-ms="21" status="PASS">
          <reporter-output>
          </reporter-output>
        </test-method> <!-- verifyUserIsOnCartPage -->
        <test-method signature="verifyUserIsOnCheckoutPage()[pri:5, instance:Tests.EndToEndTestJourney@1f2586d6]" started-at="2025-11-05T22:27:01 IST" name="verifyUserIsOnCheckoutPage" finished-at="2025-11-05T22:27:01 IST" duration-ms="64" status="PASS">
          <reporter-output>
          </reporter-output>
        </test-method> <!-- verifyUserIsOnCheckoutPage -->
        <test-method signature="verifyFinishButton()[pri:6, instance:Tests.EndToEndTestJourney@1f2586d6]" started-at="2025-11-05T22:27:01 IST" name="verifyFinishButton" finished-at="2025-11-05T22:27:02 IST" duration-ms="303" status="PASS">
          <reporter-output>
          </reporter-output>
        </test-method> <!-- verifyFinishButton -->
        <test-method is-config="true" signature="teardown()[pri:0, instance:Tests.EndToEndTestJourney@1f2586d6]" started-at="2025-11-05T22:27:02 IST" name="teardown" finished-at="2025-11-05T22:27:02 IST" duration-ms="127" status="PASS">
          <reporter-output>
          </reporter-output>
        </test-method> <!-- teardown -->
      </class> <!-- Tests.EndToEndTestJourney -->
    </test> <!-- Test -->
  </suite> <!-- Suite -->
</testng-results>
