<?xml version="1.0" encoding="UTF-8"?>
<testng-results ignored="0" total="6" passed="6" failed="0" skipped="0">
  <reporter-output>
  </reporter-output>
  <suite started-at="2025-11-05T21:50:51 IST" name="Default suite" finished-at="2025-11-05T21:50:59 IST" duration-ms="8322">
    <groups>
    </groups>
    <test started-at="2025-11-05T21:50:51 IST" name="Default test" finished-at="2025-11-05T21:50:59 IST" duration-ms="8322">
      <class name="Tests.EndToEndTestJourney">
        <test-method is-config="true" signature="setup()[pri:0, instance:Tests.EndToEndTestJourney@14bdbc74]" started-at="2025-11-05T21:50:51 IST" name="setup" finished-at="2025-11-05T21:50:53 IST" duration-ms="1378" status="PASS">
          <reporter-output>
          </reporter-output>
        </test-method> <!-- setup -->
        <test-method signature="login()[pri:1, instance:Tests.EndToEndTestJourney@14bdbc74]" started-at="2025-11-05T21:50:53 IST" name="login" finished-at="2025-11-05T21:50:56 IST" duration-ms="3759" status="PASS">
          <reporter-output>
          </reporter-output>
        </test-method> <!-- login -->
        <test-method signature="verifySortedItem()[pri:2, instance:Tests.EndToEndTestJourney@14bdbc74]" started-at="2025-11-05T21:50:56 IST" name="verifySortedItem" finished-at="2025-11-05T21:50:57 IST" duration-ms="184" status="PASS">
          <reporter-output>
          </reporter-output>
        </test-method> <!-- verifySortedItem -->
        <test-method signature="verifyItemsCountAddedToCart()[pri:3, instance:Tests.EndToEndTestJourney@14bdbc74]" started-at="2025-11-05T21:50:57 IST" name="verifyItemsCountAddedToCart" finished-at="2025-11-05T21:50:59 IST" duration-ms="2318" status="PASS">
          <reporter-output>
          </reporter-output>
        </test-method> <!-- verifyItemsCountAddedToCart -->
        <test-method signature="verifyUserIsOnCartPage()[pri:4, instance:Tests.EndToEndTestJourney@14bdbc74]" started-at="2025-11-05T21:50:59 IST" name="verifyUserIsOnCartPage" finished-at="2025-11-05T21:50:59 IST" duration-ms="22" status="PASS">
          <reporter-output>
          </reporter-output>
        </test-method> <!-- verifyUserIsOnCartPage -->
        <test-method signature="verifyUserIsOnCheckoutPage()[pri:5, instance:Tests.EndToEndTestJourney@14bdbc74]" started-at="2025-11-05T21:50:59 IST" name="verifyUserIsOnCheckoutPage" finished-at="2025-11-05T21:50:59 IST" duration-ms="63" status="PASS">
          <reporter-output>
          </reporter-output>
        </test-method> <!-- verifyUserIsOnCheckoutPage -->
        <test-method signature="verifyFinishButton()[pri:6, instance:Tests.EndToEndTestJourney@14bdbc74]" started-at="2025-11-05T21:50:59 IST" name="verifyFinishButton" finished-at="2025-11-05T21:50:59 IST" duration-ms="304" status="PASS">
          <reporter-output>
          </reporter-output>
        </test-method> <!-- verifyFinishButton -->
        <test-method is-config="true" signature="teardown()[pri:0, instance:Tests.EndToEndTestJourney@14bdbc74]" started-at="2025-11-05T21:50:59 IST" name="teardown" finished-at="2025-11-05T21:50:59 IST" duration-ms="133" status="PASS">
          <reporter-output>
          </reporter-output>
        </test-method> <!-- teardown -->
      </class> <!-- Tests.EndToEndTestJourney -->
    </test> <!-- Default test -->
  </suite> <!-- Default suite -->
</testng-results>
