<?xml version="1.0" encoding="UTF-8"?>
<!-- Generated by org.testng.reporters.JUnitReportReporter -->
<testsuite hostname="IMANUR-ALI" failures="0" tests="6" name="Tests.EndToEndTestJourney" time="7.303" errors="0" timestamp="2025-11-05T21:17:59 IST" skipped="0">
  <testcase classname="Tests.EndToEndTestJourney" name="login" time="4.277"/>
  <testcase classname="Tests.EndToEndTestJourney" name="verifySortedItem" time="0.205"/>
  <testcase classname="Tests.EndToEndTestJourney" name="verifyItemsCountAddedToCart" time="2.360"/>
  <testcase classname="Tests.EndToEndTestJourney" name="verifyUserIsOnCartPage" time="0.026"/>
  <testcase classname="Tests.EndToEndTestJourney" name="verifyUserIsOnCheckoutPage" time="0.079"/>
  <testcase classname="Tests.EndToEndTestJourney" name="verifyFinishButton" time="0.356"/>
</testsuite> <!-- Tests.EndToEndTestJourney -->
