<?xml version="1.0" encoding="UTF-8"?>
<!-- Generated by org.testng.reporters.JUnitReportReporter -->
<testsuite hostname="IMANUR-ALI" failures="0" tests="6" name="Tests.EndToEndTestJourney" time="6.858" errors="0" timestamp="2025-11-05T21:40:54 IST" skipped="0">
  <testcase classname="Tests.EndToEndTestJourney" name="login" time="3.907"/>
  <testcase classname="Tests.EndToEndTestJourney" name="verifySortedItem" time="0.183"/>
  <testcase classname="Tests.EndToEndTestJourney" name="verifyItemsCountAddedToCart" time="2.339"/>
  <testcase classname="Tests.EndToEndTestJourney" name="verifyUserIsOnCartPage" time="0.029"/>
  <testcase classname="Tests.EndToEndTestJourney" name="verifyUserIsOnCheckoutPage" time="0.072"/>
  <testcase classname="Tests.EndToEndTestJourney" name="verifyFinishButton" time="0.328"/>
</testsuite> <!-- Tests.EndToEndTestJourney -->
